<?xml version="1.0" encoding="UTF-8"?>
<!-- Generated by org.testng.reporters.JUnitXMLReporter -->
<testsuite ignored="0" hostname="Hp-PC" failures="1" tests="1" name="title checks" time="36.144" errors="0" timestamp="2021-06-03T23:28:17 IST">
  <testcase classname="testPackage.validateTitle" name="basePage" time="0.078">
    <failure type="java.lang.AssertionError" message="expected [Featured Courses23] but found [Featured Courses]">
      <![CDATA[java.lang.AssertionError: expected [Featured Courses23] but found [Featured Courses]
at testPackage.validateTitle.basePage(validateTitle.java:33)
at java.base/java.util.ArrayList.forEach(ArrayList.java:1511)
at java.base/java.util.concurrent.FutureTask.run(FutureTask.java:264)
at java.base/java.util.concurrent.ThreadPoolExecutor.runWorker(ThreadPoolExecutor.java:1130)
at java.base/java.util.concurrent.ThreadPoolExecutor$Worker.run(ThreadPoolExecutor.java:630)
at java.base/java.lang.Thread.run(Thread.java:832)
... Removed 24 stack frames]]>
    </failure>
  </testcase> <!-- basePage -->
</testsuite> <!-- title checks -->
